<?xml version="1.0" encoding="UTF-8"?>
<!-- Generated by org.testng.reporters.JUnitXMLReporter -->
<testsuite ignored="0" hostname="WTBLAPA707" failures="0" tests="4" name="Test1" time="0.067" errors="0" timestamp="2021-10-23T12:01:24 IST">
  <testcase classname="seleniumcodes.GroupsExample" name="m1" time="0.018"/>
  <testcase classname="seleniumcodes.GroupsExample" name="m2" time="0.001"/>
  <testcase classname="seleniumcodes.GroupsExample" name="m3" time="0.001"/>
  <testcase classname="seleniumcodes.GroupsExample" name="m4" time="0.001"/>
</testsuite> <!-- Test1 -->
